<?xml version="1.0" encoding="UTF-8"?>
<!-- Generated by org.testng.reporters.JUnitReportReporter -->
<testsuite hostname="DESKTOP-SH5FM7R" failures="0" tests="1" name="POM_Test.CooptexTest" time="8.515" errors="0" timestamp="2025-05-07T19:13:49 IST" skipped="0">
  <testcase classname="POM_Test.CooptexTest" name="credentials" time="8.515"/>
</testsuite> <!-- POM_Test.CooptexTest -->
